Построение начато 02.10.2020 13:06:46.
     1>Проект "C:\Users\Михаил\Desktop\Lab1\Lab1\Lab1.vcxproj" в узле 2 (целевые объекты build).
     1>InitializeBuildStatus:
         Обращение к "Debug\Lab1.unsuccessfulbuild".
       ClCompile:
         Для всех выходных данных обновления не требуется.
         d:\MS Visual Studio2010\VC\bin\CL.exe /c /ZI /nologo /W3 /WX- /Od /Oy- /D WIN32 /D _DEBUG /D _CONSOLE /D _UNICODE /D UNICODE /Gm /EHsc /RTC1 /MDd /GS /fp:precise /Zc:wchar_t /Zc:forScope /Yu"StdAfx.h" /Fp"Debug\Lab1.pch" /Fo"Debug\\" /Fd"Debug\vc100.pdb" /Gd /TP /analyze- /errorReport:prompt Lab1.cpp
         Lab1.cpp
     1>c:\users\михаил\desktop\lab1\lab1\lab1.cpp(49): warning C4996: 'scanf': This function or variable may be unsafe. Consider using scanf_s instead. To disable deprecation, use _CRT_SECURE_NO_WARNINGS. See online help for details.
                 d:\ms visual studio2010\vc\include\stdio.h(304): см. объявление "scanf"
     1>c:\users\михаил\desktop\lab1\lab1\lab1.cpp(53): warning C4996: 'scanf': This function or variable may be unsafe. Consider using scanf_s instead. To disable deprecation, use _CRT_SECURE_NO_WARNINGS. See online help for details.
                 d:\ms visual studio2010\vc\include\stdio.h(304): см. объявление "scanf"
     1>c:\users\михаил\desktop\lab1\lab1\lab1.cpp(93): warning C4996: 'scanf': This function or variable may be unsafe. Consider using scanf_s instead. To disable deprecation, use _CRT_SECURE_NO_WARNINGS. See online help for details.
                 d:\ms visual studio2010\vc\include\stdio.h(304): см. объявление "scanf"
     1>c:\users\михаил\desktop\lab1\lab1\lab1.cpp(94): warning C4996: 'scanf': This function or variable may be unsafe. Consider using scanf_s instead. To disable deprecation, use _CRT_SECURE_NO_WARNINGS. See online help for details.
                 d:\ms visual studio2010\vc\include\stdio.h(304): см. объявление "scanf"
     1>c:\users\михаил\desktop\lab1\lab1\lab1.cpp(95): warning C4996: 'scanf': This function or variable may be unsafe. Consider using scanf_s instead. To disable deprecation, use _CRT_SECURE_NO_WARNINGS. See online help for details.
                 d:\ms visual studio2010\vc\include\stdio.h(304): см. объявление "scanf"
     1>c:\users\михаил\desktop\lab1\lab1\lab1.cpp(96): warning C4996: 'scanf': This function or variable may be unsafe. Consider using scanf_s instead. To disable deprecation, use _CRT_SECURE_NO_WARNINGS. See online help for details.
                 d:\ms visual studio2010\vc\include\stdio.h(304): см. объявление "scanf"
     1>c:\users\михаил\desktop\lab1\lab1\lab1.cpp(104): warning C4996: 'scanf': This function or variable may be unsafe. Consider using scanf_s instead. To disable deprecation, use _CRT_SECURE_NO_WARNINGS. See online help for details.
                 d:\ms visual studio2010\vc\include\stdio.h(304): см. объявление "scanf"
     1>c:\users\михаил\desktop\lab1\lab1\lab1.cpp(15): warning C4101: temp: неиспользованная локальная переменная
       ManifestResourceCompile:
         Для всех выходных данных обновления не требуется.
       Link:
         d:\MS Visual Studio2010\VC\bin\link.exe /ERRORREPORT:PROMPT /OUT:"C:\Users\Михаил\Desktop\Lab1\Debug\Lab1.exe" /INCREMENTAL /NOLOGO kernel32.lib user32.lib gdi32.lib winspool.lib comdlg32.lib advapi32.lib shell32.lib ole32.lib oleaut32.lib uuid.lib odbc32.lib odbccp32.lib /MANIFEST /ManifestFile:"Debug\Lab1.exe.intermediate.manifest" /MANIFESTUAC:"level='asInvoker' uiAccess='false'" /DEBUG /PDB:"C:\Users\Михаил\Desktop\Lab1\Debug\Lab1.pdb" /SUBSYSTEM:CONSOLE /TLBID:1 /DYNAMICBASE /NXCOMPAT /IMPLIB:"C:\Users\Михаил\Desktop\Lab1\Debug\Lab1.lib" /MACHINE:X86 Debug\Lab1.exe.embed.manifest.res
         Debug\Lab1.obj
         Debug\stdafx.obj
       Manifest:
         C:\Program Files (x86)\Microsoft SDKs\Windows\v7.0A\bin\mt.exe /nologo /verbose /out:"Debug\Lab1.exe.embed.manifest" /manifest Debug\Lab1.exe.intermediate.manifest
         Для всех выходных данных обновления не требуется.
       LinkEmbedManifest:
         Для всех выходных данных обновления не требуется.
         Lab1.vcxproj -> C:\Users\Михаил\Desktop\Lab1\Debug\Lab1.exe
       FinalizeBuildStatus:
         Файл "Debug\Lab1.unsuccessfulbuild" удаляется.
         Обращение к "Debug\Lab1.lastbuildstate".
     1>Построение проекта "C:\Users\Михаил\Desktop\Lab1\Lab1\Lab1.vcxproj" завершено (целевые объекты build).

Построение успешно завершено.

Затраченное время: 00:00:02.56
